"FreeRTOS Task Aware Debugger for GDB" version 11.0.1 (201907311258)
(c) 2016-2018 NXP Semiconductors, Inc.
==================================
20:06:46.730 INFO: [TadModel] DSF session ID 19 has started.
20:06:51.503 INFO: [TadState] TAD state changed:  DEBUG_STARTED -> DEBUG_INIT_0 (SUSPENDED, USER_REQUEST)
20:06:54.370 INFO: [TadState] TAD state changed:  DEBUG_INIT_0 -> DEBUG_INIT_1 (RESUMED, USER_REQUEST)
20:06:54.524 INFO: [TadState] TAD state changed:  DEBUG_INIT_1 -> DEBUG_SUSPENDED (SUSPENDED, BREAKPOINT)
20:07:00.791 INFO: [TadState] TAD state changed:  DEBUG_SUSPENDED -> DEBUG_RESUMED (RESUMED, USER_REQUEST)
20:08:36.45 INFO: [TadState] TAD state changed:  DEBUG_RESUMED -> READY (SUSPENDED, SIGNAL)
20:08:36.47 INFO: [Benchmark] Loading data for "Determine FreeRTOS version" has started.
20:08:36.51 ERROR: [VariableReader] Could not read variable expression: "&(FreeRTOSDebugConfig)".
20:08:36.58 ERROR: [VariableReader] Could not read variable expression: "sizeof(struct TaskControlBlock_t)".
20:08:36.106 ERROR: [VariableReader] Could not read variable expression: "&(((struct QueueDefinition *) 0)->pcTail)".
20:08:36.106 INFO: [TadModel] FreeRTOS version has been identified from available FreeRTOS symbols as 10.11.
20:08:36.106 INFO: [Benchmark] Loading data for "Determine FreeRTOS version" took 59 ms.
20:08:36.106 INFO: [Benchmark] Loading data for "Task List" has started.
20:08:37.402 ERROR: [TaskFactory] ulTotalRunTime not available
20:08:37.470 ERROR: [VariableReader] Could not read variable expression: "ulTotalRunTime".
20:08:37.471 ERROR: [VariableReader] Could not read variable expression: "pxReadyTasksLists[0].uxNumberOfItems".
20:08:37.472 ERROR: [TaskFactory] Cannot read information from "pxReadyTasksLists[0]".
20:08:37.473 ERROR: [VariableReader] Could not read variable expression: "pxReadyTasksLists[1].uxNumberOfItems".
20:08:37.473 ERROR: [TaskFactory] Cannot read information from "pxReadyTasksLists[1]".
20:08:37.476 ERROR: [VariableReader] Could not read variable expression: "pxReadyTasksLists[2].uxNumberOfItems".
20:08:37.476 ERROR: [TaskFactory] Cannot read information from "pxReadyTasksLists[2]".
20:08:37.478 ERROR: [VariableReader] Could not read variable expression: "pxReadyTasksLists[3].uxNumberOfItems".
20:08:37.478 ERROR: [TaskFactory] Cannot read information from "pxReadyTasksLists[3]".
20:08:37.479 ERROR: [VariableReader] Could not read variable expression: "pxReadyTasksLists[4].uxNumberOfItems".
20:08:37.480 ERROR: [TaskFactory] Cannot read information from "pxReadyTasksLists[4]".
20:08:37.525 ERROR: [VariableReader] Could not read variable expression: "xPendingReadyList.uxNumberOfItems".
20:08:37.526 ERROR: [TaskFactory] Cannot read information from "xPendingReadyList".
20:08:37.527 ERROR: [VariableReader] Could not read variable expression: "pxDelayedTaskList.uxNumberOfItems".
20:08:37.528 ERROR: [TaskFactory] Cannot read information from "pxDelayedTaskList".
20:08:37.529 ERROR: [VariableReader] Could not read variable expression: "pxOverflowDelayedTaskList.uxNumberOfItems".
20:08:37.530 ERROR: [TaskFactory] Cannot read information from "pxOverflowDelayedTaskList".
20:08:37.533 ERROR: [VariableReader] Could not read variable expression: "xSuspendedTaskList.uxNumberOfItems".
20:08:37.533 ERROR: [TaskFactory] Cannot read information from "xSuspendedTaskList".
20:08:37.533 INFO: [Benchmark] Loading data for "Task List" took 1427 ms.
20:08:37.540 INFO: [TadModel] DSF session ID 19 has ended.
