"FreeRTOS Task Aware Debugger for GDB" version 11.0.1 (201907311258)
(c) 2016-2018 NXP Semiconductors, Inc.
==================================
20:00:23.78 INFO: [TadModel] DSF session ID 18 has started.
20:00:27.771 INFO: [TadState] TAD state changed:  DEBUG_STARTED -> DEBUG_INIT_0 (SUSPENDED, USER_REQUEST)
20:00:30.630 INFO: [TadState] TAD state changed:  DEBUG_INIT_0 -> DEBUG_INIT_1 (RESUMED, USER_REQUEST)
20:00:30.767 INFO: [TadState] TAD state changed:  DEBUG_INIT_1 -> DEBUG_SUSPENDED (SUSPENDED, BREAKPOINT)
20:00:34.656 INFO: [TadState] TAD state changed:  DEBUG_SUSPENDED -> DEBUG_RESUMED (RESUMED, USER_REQUEST)
20:06:33.147 INFO: [TadState] TAD state changed:  DEBUG_RESUMED -> READY (SUSPENDED, SIGNAL)
20:06:33.149 INFO: [Benchmark] Loading data for "Determine FreeRTOS version" has started.
20:06:33.152 ERROR: [VariableReader] Could not read variable expression: "&(FreeRTOSDebugConfig)".
20:06:33.155 ERROR: [VariableReader] Could not read variable expression: "sizeof(struct TaskControlBlock_t)".
20:06:33.211 ERROR: [VariableReader] Could not read variable expression: "&(((struct QueueDefinition *) 0)->pcTail)".
20:06:33.212 INFO: [TadModel] FreeRTOS version has been identified from available FreeRTOS symbols as 10.11.
20:06:33.212 INFO: [Benchmark] Loading data for "Determine FreeRTOS version" took 63 ms.
20:06:33.212 INFO: [Benchmark] Loading data for "Task List" has started.
20:06:34.527 ERROR: [TaskFactory] ulTotalRunTime not available
20:06:34.605 ERROR: [VariableReader] Could not read variable expression: "ulTotalRunTime".
20:06:34.606 ERROR: [VariableReader] Could not read variable expression: "pxReadyTasksLists[0].uxNumberOfItems".
20:06:34.606 ERROR: [TaskFactory] Cannot read information from "pxReadyTasksLists[0]".
20:06:34.610 ERROR: [VariableReader] Could not read variable expression: "pxReadyTasksLists[1].uxNumberOfItems".
20:06:34.611 ERROR: [TaskFactory] Cannot read information from "pxReadyTasksLists[1]".
20:06:34.612 ERROR: [VariableReader] Could not read variable expression: "pxReadyTasksLists[2].uxNumberOfItems".
20:06:34.612 ERROR: [TaskFactory] Cannot read information from "pxReadyTasksLists[2]".
20:06:34.613 ERROR: [VariableReader] Could not read variable expression: "pxReadyTasksLists[3].uxNumberOfItems".
20:06:34.613 ERROR: [TaskFactory] Cannot read information from "pxReadyTasksLists[3]".
20:06:34.662 ERROR: [VariableReader] Could not read variable expression: "pxReadyTasksLists[4].uxNumberOfItems".
20:06:34.662 ERROR: [TaskFactory] Cannot read information from "pxReadyTasksLists[4]".
20:06:34.664 ERROR: [VariableReader] Could not read variable expression: "xPendingReadyList.uxNumberOfItems".
20:06:34.664 ERROR: [TaskFactory] Cannot read information from "xPendingReadyList".
20:06:34.666 ERROR: [VariableReader] Could not read variable expression: "pxDelayedTaskList.uxNumberOfItems".
20:06:34.667 ERROR: [TaskFactory] Cannot read information from "pxDelayedTaskList".
20:06:34.670 ERROR: [VariableReader] Could not read variable expression: "pxOverflowDelayedTaskList.uxNumberOfItems".
20:06:34.670 ERROR: [TaskFactory] Cannot read information from "pxOverflowDelayedTaskList".
20:06:34.672 ERROR: [VariableReader] Could not read variable expression: "xSuspendedTaskList.uxNumberOfItems".
20:06:34.672 ERROR: [TaskFactory] Cannot read information from "xSuspendedTaskList".
20:06:34.672 INFO: [Benchmark] Loading data for "Task List" took 1460 ms.
20:06:34.681 INFO: [TadModel] DSF session ID 18 has ended.
